[debug] [2022-06-11T06:28:10.665Z] ----------------------------------------------------------------------
[debug] [2022-06-11T06:28:10.666Z] Command:       /usr/local/bin/firebase /Users/andreas/.cache/firebase/tools/lib/node_modules/firebase-tools/lib/bin/firebase deploy
[debug] [2022-06-11T06:28:10.667Z] CLI Version:   11.0.1
[debug] [2022-06-11T06:28:10.667Z] Platform:      darwin
[debug] [2022-06-11T06:28:10.667Z] Node Version:  v16.15.0
[debug] [2022-06-11T06:28:10.670Z] Time:          Sat Jun 11 2022 02:28:10 GMT-0400 (Eastern Daylight Time)
[debug] [2022-06-11T06:28:10.670Z] ----------------------------------------------------------------------
[debug] 
[debug] [2022-06-11T06:28:10.752Z] > command requires scopes: ["email","openid","https://www.googleapis.com/auth/cloudplatformprojects.readonly","https://www.googleapis.com/auth/firebase","https://www.googleapis.com/auth/cloud-platform"]
[debug] [2022-06-11T06:28:10.754Z] > authorizing via signed-in user (andreasink17@gmail.com)
[debug] [2022-06-11T06:28:10.755Z] [iam] checking project cerebellia-58fb1 for permissions ["firebase.projects.get","firebasehosting.sites.update"]
[debug] [2022-06-11T06:28:10.759Z] >>> [apiv2][query] POST https://cloudresourcemanager.googleapis.com/v1/projects/cerebellia-58fb1:testIamPermissions [none]
[debug] [2022-06-11T06:28:10.759Z] >>> [apiv2][body] POST https://cloudresourcemanager.googleapis.com/v1/projects/cerebellia-58fb1:testIamPermissions {"permissions":["firebase.projects.get","firebasehosting.sites.update"]}
[debug] [2022-06-11T06:28:11.020Z] <<< [apiv2][status] POST https://cloudresourcemanager.googleapis.com/v1/projects/cerebellia-58fb1:testIamPermissions 200
[debug] [2022-06-11T06:28:11.022Z] <<< [apiv2][body] POST https://cloudresourcemanager.googleapis.com/v1/projects/cerebellia-58fb1:testIamPermissions {"permissions":["firebase.projects.get","firebasehosting.sites.update"]}
[debug] [2022-06-11T06:28:11.023Z] >>> [apiv2][query] GET https://firebase.googleapis.com/v1beta1/projects/cerebellia-58fb1 [none]
[debug] [2022-06-11T06:28:11.336Z] <<< [apiv2][status] GET https://firebase.googleapis.com/v1beta1/projects/cerebellia-58fb1 200
[debug] [2022-06-11T06:28:11.339Z] <<< [apiv2][body] GET https://firebase.googleapis.com/v1beta1/projects/cerebellia-58fb1 {"projectId":"cerebellia-58fb1","projectNumber":"284819485038","displayName":"Cerebellia","name":"projects/cerebellia-58fb1","resources":{"hostingSite":"cerebellia-58fb1","storageBucket":"cerebellia-58fb1.appspot.com","locationId":"us-central"},"state":"ACTIVE"}
[info] 
[info] === Deploying to 'cerebellia-58fb1'...
[info] 
[info] i  deploying hosting 
[debug] [2022-06-11T06:28:11.347Z] >>> [apiv2][query] GET https://firebase.googleapis.com/v1beta1/projects/cerebellia-58fb1 [none]
[debug] [2022-06-11T06:28:11.608Z] <<< [apiv2][status] GET https://firebase.googleapis.com/v1beta1/projects/cerebellia-58fb1 200
[debug] [2022-06-11T06:28:11.610Z] <<< [apiv2][body] GET https://firebase.googleapis.com/v1beta1/projects/cerebellia-58fb1 {"projectId":"cerebellia-58fb1","projectNumber":"284819485038","displayName":"Cerebellia","name":"projects/cerebellia-58fb1","resources":{"hostingSite":"cerebellia-58fb1","storageBucket":"cerebellia-58fb1.appspot.com","locationId":"us-central"},"state":"ACTIVE"}
[debug] [2022-06-11T06:28:11.613Z] >>> [apiv2][query] POST https://firebasehosting.googleapis.com/v1beta1/projects/284819485038/sites/cerebellia-58fb1/versions [none]
[debug] [2022-06-11T06:28:11.613Z] >>> [apiv2][body] POST https://firebasehosting.googleapis.com/v1beta1/projects/284819485038/sites/cerebellia-58fb1/versions {"config":{},"labels":{"deployment-tool":"cli-firebase"}}
[debug] [2022-06-11T06:28:12.390Z] <<< [apiv2][status] POST https://firebasehosting.googleapis.com/v1beta1/projects/284819485038/sites/cerebellia-58fb1/versions 200
[debug] [2022-06-11T06:28:12.392Z] <<< [apiv2][body] POST https://firebasehosting.googleapis.com/v1beta1/projects/284819485038/sites/cerebellia-58fb1/versions {"name":"projects/284819485038/sites/cerebellia-58fb1/versions/f9fc53f80256a0f4","status":"CREATED","config":{},"labels":{"deployment-tool":"cli-firebase"}}
[info] i  hosting[cerebellia-58fb1]: beginning deploy... 
[info] i  hosting[cerebellia-58fb1]: found 15 files in out 
[debug] [2022-06-11T06:28:12.421Z] [hosting] uploading with 200 concurrency
[debug] [2022-06-11T06:28:12.455Z] [hosting] hash cache [b3V0] stored for 15 files
[debug] [2022-06-11T06:28:12.455Z] [hosting][hash queue][FINAL] {"max":26,"min":16,"avg":20.2,"active":0,"complete":15,"success":15,"errored":0,"retried":0,"total":15,"elapsed":32}
[debug] [2022-06-11T06:28:12.455Z] >>> [apiv2][query] POST https://firebasehosting.googleapis.com/v1beta1/projects/284819485038/sites/cerebellia-58fb1/versions/f9fc53f80256a0f4:populateFiles [none]
[debug] [2022-06-11T06:28:12.456Z] >>> [apiv2][body] POST https://firebasehosting.googleapis.com/v1beta1/projects/284819485038/sites/cerebellia-58fb1/versions/f9fc53f80256a0f4:populateFiles {"files":{"/_next/static/0RsUyc9BwhSkeu4YSXEES/_middlewareManifest.js":"cb7a93452defd0c72b071f37f3178978e27a79559ecc7ab37e2c85245310f853","/_next/static/0RsUyc9BwhSkeu4YSXEES/_buildManifest.js":"9546583c52a8ec9e2ce20541d940bf484218cbc3e803bfce29fc229a39fc66d8","/_next/static/0RsUyc9BwhSkeu4YSXEES/_ssgManifest.js":"5c126729f9831113842c425975615db312fa26d39f3a9e1baa47d4ad65ac2f90","/_next/static/chunks/651.cd440d205ca10b23.js":"025860866038de4fd713cfb564271fb8e37e35df2f5419ac9864ffc5165c786a","/index.html":"74c4db01f3c9a1b095ba684f969a275b5d2585f433ebebbf828628079fa471af","/_next/static/chunks/webpack-1b34d2c8b7a2ee8f.js":"97e97a892863c8cd7ca769a67981d8b2715bf18f0790346f1342ca542003f4eb","/404/index.html":"60d7ea5787bb6ea56f6ccd4a759942b362cc18645e237baaeee4c663ace7d290","/_next/static/chunks/pages/_app-c8a323586526c2a7.js":"660a42d904d1bfee3a497e409a801839162fc1faef2c2c1f4fbe79b9ff310e24","/_next/static/chunks/pages/_error-0260c064403af775.js":"fd4d6932654619910161ccee6ac99c8032eb236dbf6261c266d2517d4293a9bc","/_next/static/chunks/pages/index-595fbbdceb383e85.js":"31e99faf935dcc682c0c7a314d66acf57d4c441e1fea52ca84cd19af36ca3946","/_next/static/css/d45c3e07e4f2a7a1.css":"455ff98a51d107cafbfa65b85ca61ff0dc5a80d9cbe57b6a3911fc8e11372884","/_next/static/chunks/main-01dd2ea356b96b11.js":"a2cc4ddee74f0dff722fd78ca58b7c7ac4a55a9a781d880280668ff261e6491b","/_next/static/chunks/polyfills-a40ef1678bae11e696dba45124eadd70.js":"1e00f1917a4c0fdb93af61a3ee477a7eb8465a88cb29614f1ca821440a668520","/_next/static/chunks/282-14d896db786ae99c.js":"982263d3170617408372b0664f4cf36ab4b681c036655c90ee727933385e1fb7","/_next/static/chunks/framework-0f8b31729833af61.js":"ad1b95445e85c3131311e5f1a7a10b6ad40ec4efbf67e1482007d511e90ceef0"}}
[debug] [2022-06-11T06:28:12.998Z] <<< [apiv2][status] POST https://firebasehosting.googleapis.com/v1beta1/projects/284819485038/sites/cerebellia-58fb1/versions/f9fc53f80256a0f4:populateFiles 200
[debug] [2022-06-11T06:28:12.998Z] <<< [apiv2][body] POST https://firebasehosting.googleapis.com/v1beta1/projects/284819485038/sites/cerebellia-58fb1/versions/f9fc53f80256a0f4:populateFiles {"uploadRequiredHashes":["60d7ea5787bb6ea56f6ccd4a759942b362cc18645e237baaeee4c663ace7d290","74c4db01f3c9a1b095ba684f969a275b5d2585f433ebebbf828628079fa471af","9546583c52a8ec9e2ce20541d940bf484218cbc3e803bfce29fc229a39fc66d8","31e99faf935dcc682c0c7a314d66acf57d4c441e1fea52ca84cd19af36ca3946"],"uploadUrl":"https://upload-firebasehosting.googleapis.com/upload/sites/cerebellia-58fb1/versions/f9fc53f80256a0f4/files"}
[debug] [2022-06-11T06:28:13.001Z] >>> [apiv2][query] POST https://upload-firebasehosting.googleapis.com/upload/sites/cerebellia-58fb1/versions/f9fc53f80256a0f4/files/60d7ea5787bb6ea56f6ccd4a759942b362cc18645e237baaeee4c663ace7d290 [none]
[debug] [2022-06-11T06:28:13.001Z] >>> [apiv2][body] POST https://upload-firebasehosting.googleapis.com/upload/sites/cerebellia-58fb1/versions/f9fc53f80256a0f4/files/60d7ea5787bb6ea56f6ccd4a759942b362cc18645e237baaeee4c663ace7d290 [stream]
[debug] [2022-06-11T06:28:13.002Z] >>> [apiv2][query] POST https://upload-firebasehosting.googleapis.com/upload/sites/cerebellia-58fb1/versions/f9fc53f80256a0f4/files/74c4db01f3c9a1b095ba684f969a275b5d2585f433ebebbf828628079fa471af [none]
[debug] [2022-06-11T06:28:13.002Z] >>> [apiv2][body] POST https://upload-firebasehosting.googleapis.com/upload/sites/cerebellia-58fb1/versions/f9fc53f80256a0f4/files/74c4db01f3c9a1b095ba684f969a275b5d2585f433ebebbf828628079fa471af [stream]
[debug] [2022-06-11T06:28:13.003Z] >>> [apiv2][query] POST https://upload-firebasehosting.googleapis.com/upload/sites/cerebellia-58fb1/versions/f9fc53f80256a0f4/files/9546583c52a8ec9e2ce20541d940bf484218cbc3e803bfce29fc229a39fc66d8 [none]
[debug] [2022-06-11T06:28:13.004Z] >>> [apiv2][body] POST https://upload-firebasehosting.googleapis.com/upload/sites/cerebellia-58fb1/versions/f9fc53f80256a0f4/files/9546583c52a8ec9e2ce20541d940bf484218cbc3e803bfce29fc229a39fc66d8 [stream]
[debug] [2022-06-11T06:28:13.005Z] >>> [apiv2][query] POST https://upload-firebasehosting.googleapis.com/upload/sites/cerebellia-58fb1/versions/f9fc53f80256a0f4/files/31e99faf935dcc682c0c7a314d66acf57d4c441e1fea52ca84cd19af36ca3946 [none]
[debug] [2022-06-11T06:28:13.005Z] >>> [apiv2][body] POST https://upload-firebasehosting.googleapis.com/upload/sites/cerebellia-58fb1/versions/f9fc53f80256a0f4/files/31e99faf935dcc682c0c7a314d66acf57d4c441e1fea52ca84cd19af36ca3946 [stream]
[debug] [2022-06-11T06:28:13.007Z] [hosting][populate queue][FINAL] {"max":548,"min":548,"avg":548,"active":0,"complete":1,"success":1,"errored":0,"retried":0,"total":1,"elapsed":554}
[debug] [2022-06-11T06:28:13.007Z] [hosting] uploads queued: 4
[debug] [2022-06-11T06:28:13.807Z] <<< [apiv2][status] POST https://upload-firebasehosting.googleapis.com/upload/sites/cerebellia-58fb1/versions/f9fc53f80256a0f4/files/74c4db01f3c9a1b095ba684f969a275b5d2585f433ebebbf828628079fa471af 200
[debug] [2022-06-11T06:28:13.808Z] <<< [apiv2][body] POST https://upload-firebasehosting.googleapis.com/upload/sites/cerebellia-58fb1/versions/f9fc53f80256a0f4/files/74c4db01f3c9a1b095ba684f969a275b5d2585f433ebebbf828628079fa471af [stream]
[debug] [2022-06-11T06:28:13.811Z] <<< [apiv2][status] POST https://upload-firebasehosting.googleapis.com/upload/sites/cerebellia-58fb1/versions/f9fc53f80256a0f4/files/9546583c52a8ec9e2ce20541d940bf484218cbc3e803bfce29fc229a39fc66d8 200
[debug] [2022-06-11T06:28:13.811Z] <<< [apiv2][body] POST https://upload-firebasehosting.googleapis.com/upload/sites/cerebellia-58fb1/versions/f9fc53f80256a0f4/files/9546583c52a8ec9e2ce20541d940bf484218cbc3e803bfce29fc229a39fc66d8 [stream]
[debug] [2022-06-11T06:28:13.812Z] <<< [apiv2][status] POST https://upload-firebasehosting.googleapis.com/upload/sites/cerebellia-58fb1/versions/f9fc53f80256a0f4/files/31e99faf935dcc682c0c7a314d66acf57d4c441e1fea52ca84cd19af36ca3946 200
[debug] [2022-06-11T06:28:13.812Z] <<< [apiv2][body] POST https://upload-firebasehosting.googleapis.com/upload/sites/cerebellia-58fb1/versions/f9fc53f80256a0f4/files/31e99faf935dcc682c0c7a314d66acf57d4c441e1fea52ca84cd19af36ca3946 [stream]
[debug] [2022-06-11T06:28:13.822Z] <<< [apiv2][status] POST https://upload-firebasehosting.googleapis.com/upload/sites/cerebellia-58fb1/versions/f9fc53f80256a0f4/files/60d7ea5787bb6ea56f6ccd4a759942b362cc18645e237baaeee4c663ace7d290 200
[debug] [2022-06-11T06:28:13.822Z] <<< [apiv2][body] POST https://upload-firebasehosting.googleapis.com/upload/sites/cerebellia-58fb1/versions/f9fc53f80256a0f4/files/60d7ea5787bb6ea56f6ccd4a759942b362cc18645e237baaeee4c663ace7d290 [stream]
[debug] [2022-06-11T06:28:13.822Z] [hosting][upload queue][FINAL] {"max":824,"min":807,"avg":813,"active":0,"complete":4,"success":4,"errored":0,"retried":0,"total":4,"elapsed":824}
[info] ✔  hosting[cerebellia-58fb1]: file upload complete 
[debug] [2022-06-11T06:28:13.824Z] [hosting] deploy completed after 1430ms
[debug] [2022-06-11T06:28:13.828Z] [
  {
    "config": {
      "public": "out",
      "ignore": [
        "firebase.json",
        "**/.*",
        "**/node_modules/**"
      ],
      "site": "cerebellia-58fb1"
    },
    "site": "cerebellia-58fb1",
    "version": "projects/284819485038/sites/cerebellia-58fb1/versions/f9fc53f80256a0f4"
  }
]
[info] i  hosting[cerebellia-58fb1]: finalizing version... 
[debug] [2022-06-11T06:28:13.830Z] >>> [apiv2][query] PATCH https://firebasehosting.googleapis.com/v1beta1/projects/284819485038/sites/cerebellia-58fb1/versions/f9fc53f80256a0f4 updateMask=status%2Cconfig
[debug] [2022-06-11T06:28:13.830Z] >>> [apiv2][body] PATCH https://firebasehosting.googleapis.com/v1beta1/projects/284819485038/sites/cerebellia-58fb1/versions/f9fc53f80256a0f4 {"status":"FINALIZED","config":{}}
[debug] [2022-06-11T06:28:14.539Z] <<< [apiv2][status] PATCH https://firebasehosting.googleapis.com/v1beta1/projects/284819485038/sites/cerebellia-58fb1/versions/f9fc53f80256a0f4 200
[debug] [2022-06-11T06:28:14.542Z] <<< [apiv2][body] PATCH https://firebasehosting.googleapis.com/v1beta1/projects/284819485038/sites/cerebellia-58fb1/versions/f9fc53f80256a0f4 {"name":"projects/284819485038/sites/cerebellia-58fb1/versions/f9fc53f80256a0f4","status":"FINALIZED","config":{},"labels":{"deployment-tool":"cli-firebase"},"createTime":"2022-06-11T06:28:11.947707Z","createUser":{"email":"andreasink17@gmail.com"},"finalizeTime":"2022-06-11T06:28:14.423902Z","finalizeUser":{"email":"andreasink17@gmail.com"}}
[debug] [2022-06-11T06:28:14.542Z] [hosting] finalized version for cerebellia-58fb1:[object Object]
[info] ✔  hosting[cerebellia-58fb1]: version finalized 
[info] i  hosting[cerebellia-58fb1]: releasing new version... 
[debug] [2022-06-11T06:28:14.545Z] >>> [apiv2][query] POST https://firebasehosting.googleapis.com/v1beta1/projects/284819485038/sites/cerebellia-58fb1/releases versionName=projects%2F284819485038%2Fsites%2Fcerebellia-58fb1%2Fversions%2Ff9fc53f80256a0f4
[debug] [2022-06-11T06:28:14.546Z] >>> [apiv2][body] POST https://firebasehosting.googleapis.com/v1beta1/projects/284819485038/sites/cerebellia-58fb1/releases {"message":null}
[debug] [2022-06-11T06:28:15.148Z] <<< [apiv2][status] POST https://firebasehosting.googleapis.com/v1beta1/projects/284819485038/sites/cerebellia-58fb1/releases 200
[debug] [2022-06-11T06:28:15.148Z] <<< [apiv2][body] POST https://firebasehosting.googleapis.com/v1beta1/projects/284819485038/sites/cerebellia-58fb1/releases {"name":"projects/284819485038/sites/cerebellia-58fb1/releases/1654928894339791","version":{"name":"projects/284819485038/sites/cerebellia-58fb1/versions/f9fc53f80256a0f4","status":"FINALIZED","config":{},"labels":{"deployment-tool":"cli-firebase"},"createTime":"2022-06-11T06:28:11.947707Z","createUser":{"email":"andreasink17@gmail.com","imageUrl":"https://lh3.googleusercontent.com/a-/AOh14GiUla2VEUeJouHFJS8iK6CQQIxwyJYrM1Ag8EmgGQ"},"finalizeTime":"2022-06-11T06:28:14.423902Z","finalizeUser":{"email":"andreasink17@gmail.com","imageUrl":"https://lh3.googleusercontent.com/a-/AOh14GiUla2VEUeJouHFJS8iK6CQQIxwyJYrM1Ag8EmgGQ"}},"type":"DEPLOY","releaseTime":"2022-06-11T06:28:14.339791099Z","releaseUser":{"email":"andreasink17@gmail.com","imageUrl":"https://lh3.googleusercontent.com/a-/AOh14GiUla2VEUeJouHFJS8iK6CQQIxwyJYrM1Ag8EmgGQ"}}
[debug] [2022-06-11T06:28:15.148Z] [hosting] release: {"name":"projects/284819485038/sites/cerebellia-58fb1/releases/1654928894339791","version":{"name":"projects/284819485038/sites/cerebellia-58fb1/versions/f9fc53f80256a0f4","status":"FINALIZED","config":{},"labels":{"deployment-tool":"cli-firebase"},"createTime":"2022-06-11T06:28:11.947707Z","createUser":{"email":"andreasink17@gmail.com","imageUrl":"https://lh3.googleusercontent.com/a-/AOh14GiUla2VEUeJouHFJS8iK6CQQIxwyJYrM1Ag8EmgGQ"},"finalizeTime":"2022-06-11T06:28:14.423902Z","finalizeUser":{"email":"andreasink17@gmail.com","imageUrl":"https://lh3.googleusercontent.com/a-/AOh14GiUla2VEUeJouHFJS8iK6CQQIxwyJYrM1Ag8EmgGQ"}},"type":"DEPLOY","releaseTime":"2022-06-11T06:28:14.339791099Z","releaseUser":{"email":"andreasink17@gmail.com","imageUrl":"https://lh3.googleusercontent.com/a-/AOh14GiUla2VEUeJouHFJS8iK6CQQIxwyJYrM1Ag8EmgGQ"}}
[info] ✔  hosting[cerebellia-58fb1]: release complete 
[info] 
[info] ✔  Deploy complete! 
[info] 
[info] Project Console: https://console.firebase.google.com/project/cerebellia-58fb1/overview
[info] Hosting URL: https://cerebellia-58fb1.web.app
